<?xml version="1.0" encoding="UTF-8" ?>
<testsuite failures="0" time="4.867" errors="0" skipped="0" tests="33" name="com.semantria.test.SerializerTest">
  <properties>
[...]
</properties>
  <testcase time="0.418" classname="com.semantria.test.SerializerTest" name="testSerializingConfiguration"/>
  <testcase time="0.426" classname="com.semantria.test.SerializerTest" name="testXmlDeserializingConfiguration"/>
  <testcase time="0.008" classname="com.semantria.test.SerializerTest" name="testJsonDeserializingConfiguration"/>
  <testcase time="0.13" classname="com.semantria.test.SerializerTest" name="testXmlSerializingBlacklist"/>
  <testcase time="0.38" classname="com.semantria.test.SerializerTest" name="testXmlDeserializingBlacklist"/>
  <testcase time="0.001" classname="com.semantria.test.SerializerTest" name="testJsonDeserializingBlacklist"/>
  <testcase time="0.165" classname="com.semantria.test.SerializerTest" name="testSerializingQueries"/>
  <testcase time="0.384" classname="com.semantria.test.SerializerTest" name="testXmlDeserializingQueries"/>
  <testcase time="0.001" classname="com.semantria.test.SerializerTest" name="testJsonDeserializingQueries"/>
  <testcase time="0.098" classname="com.semantria.test.SerializerTest" name="testSerializingEntities"/>
  <testcase time="0.001" classname="com.semantria.test.SerializerTest" name="testJsonDeserializingEntities"/>
  <testcase time="0.172" classname="com.semantria.test.SerializerTest" name="testSerializingCategories"/>
  <testcase time="0.336" classname="com.semantria.test.SerializerTest" name="testXmlDeserializingCategories"/>
  <testcase time="0.001" classname="com.semantria.test.SerializerTest" name="testJsonDeserializingCategories"/>
  <testcase time="0.158" classname="com.semantria.test.SerializerTest" name="testSerializingSentimentPhrases"/>
  <testcase time="0.001" classname="com.semantria.test.SerializerTest" name="testJsonSerializingSentimentPhrases"/>
  <testcase time="0.002" classname="com.semantria.test.SerializerTest" name="testJsonDeserializingSentimentPhrases"/>
  <testcase time="0.283" classname="com.semantria.test.SerializerTest" name="testXmlDeserializingAnalyticServiceStatus"/>
  <testcase time="0" classname="com.semantria.test.SerializerTest" name="testJsonDeserializingAnalyticServiceStatus"/>
  <testcase time="0.286" classname="com.semantria.test.SerializerTest" name="testXmlDeserializingSubscription"/>
  <testcase time="0.002" classname="com.semantria.test.SerializerTest" name="testJsonDeserializingSubscription"/>
  <testcase time="0.299" classname="com.semantria.test.SerializerTest" name="testXmlDeserializingDocumentAnalyticData"/>
  <testcase time="0.005" classname="com.semantria.test.SerializerTest" name="testJsonDeserializingDocumentAnalyticData"/>
  <testcase time="0.268" classname="com.semantria.test.SerializerTest" name="testXmlDeserializingCollectionAnalyticData"/>
  <testcase time="0.003" classname="com.semantria.test.SerializerTest" name="testJsonDeserializingCollectionAnalyticData"/>
  <testcase time="0.291" classname="com.semantria.test.SerializerTest" name="testXmlDeserializingCollectionsAnalyticData"/>
  <testcase time="0.003" classname="com.semantria.test.SerializerTest" name="testJsonDeserializingCollectionsAnalyticData"/>
  <testcase time="0.318" classname="com.semantria.test.SerializerTest" name="testXmlDeserializingDocumentsAnalyticData"/>
  <testcase time="0.006" classname="com.semantria.test.SerializerTest" name="testJsonDeserializingDocumentsAnalyticData"/>
  <testcase time="0.274" classname="com.semantria.test.SerializerTest" name="testXmlDeserializingStatistics"/>
  <testcase time="0.002" classname="com.semantria.test.SerializerTest" name="testJsonDeserializingStatistics"/>
  <testcase time="0.069" classname="com.semantria.test.SerializerTest" name="testXmlSerializationBatch"/>
  <testcase time="0.076" classname="com.semantria.test.SerializerTest" name="testXmlSerializationDocument"/>
</testsuite>